01:06:31.942 [main] INFO  com.example.Application - Starting Application using Java 21 with PID 12896 (C:\Users\Alena\IdeaProjects\task24\build\classes\java\main started by Alena in C:\Users\Alena\IdeaProjects\task24)
 01:06:31.952 [main] INFO  com.example.Application - No active profile set, falling back to 1 default profile: "default"
 01:06:32.794 [main] INFO  o.s.d.r.c.RepositoryConfigurationDelegate - Bootstrapping Spring Data JPA repositories in DEFAULT mode.
 01:06:32.860 [main] INFO  o.s.d.r.c.RepositoryConfigurationDelegate - Finished Spring Data repository scanning in 56 ms. Found 3 JPA repository interfaces.
 01:06:34.215 [main] INFO  o.s.b.w.e.tomcat.TomcatWebServer - Tomcat initialized with port 8080 (http)
 01:06:34.225 [main] INFO  o.a.coyote.http11.Http11NioProtocol - Initializing ProtocolHandler ["http-nio-8080"]
 01:06:34.227 [main] INFO  o.a.catalina.core.StandardService - Starting service [Tomcat]
 01:06:34.228 [main] INFO  o.a.catalina.core.StandardEngine - Starting Servlet engine: [Apache Tomcat/10.1.19]
 01:06:34.289 [main] INFO  o.a.c.c.C.[Tomcat].[localhost].[/] - Initializing Spring embedded WebApplicationContext
 01:06:34.289 [main] INFO  o.s.b.w.s.c.ServletWebServerApplicationContext - Root WebApplicationContext: initialization completed in 2260 ms
 01:06:34.597 [main] INFO  com.zaxxer.hikari.HikariDataSource - HikariPool-1 - Starting...
 01:06:34.925 [main] INFO  com.zaxxer.hikari.pool.HikariPool - HikariPool-1 - Added connection org.postgresql.jdbc.PgConnection@2513155a
 01:06:34.928 [main] INFO  com.zaxxer.hikari.HikariDataSource - HikariPool-1 - Start completed.
 01:06:35.078 [main] INFO  org.hibernate.Version - HHH000412: Hibernate ORM core version 6.4.4.Final
 01:06:35.164 [main] INFO  o.h.c.i.RegionFactoryInitiator - HHH000026: Second-level cache disabled
 01:06:35.367 [main] WARN  org.hibernate.orm.deprecation - HHH90000025: PostgreSQLDialect does not need to be specified explicitly using 'hibernate.dialect' (remove the property setting and it will be selected by default)
 01:06:36.798 [main] INFO  o.h.e.t.j.p.i.JtaPlatformInitiator - HHH000489: No JTA platform available (set 'hibernate.transaction.jta.platform' to enable JTA platform integration)
 01:06:38.039 [main] INFO  o.s.b.a.w.s.WelcomePageHandlerMapping - Adding welcome page template: index
 01:06:38.576 [main] INFO  o.s.b.a.e.web.EndpointLinksResolver - Exposing 1 endpoint(s) beneath base path '/actuator'
 01:06:38.714 [main] INFO  o.s.s.web.DefaultSecurityFilterChain - Will secure any request with [org.springframework.security.web.session.DisableEncodeUrlFilter@b257072, org.springframework.security.web.context.request.async.WebAsyncManagerIntegrationFilter@738da6f2, org.springframework.security.web.context.SecurityContextHolderFilter@3e1c566d, org.springframework.security.web.header.HeaderWriterFilter@12b962b1, org.springframework.web.filter.CorsFilter@1b513ce8, org.springframework.security.web.csrf.CsrfFilter@5e81b406, org.springframework.security.web.authentication.logout.LogoutFilter@45bde54d, org.springframework.security.web.authentication.UsernamePasswordAuthenticationFilter@3edb09b9, org.springframework.security.web.savedrequest.RequestCacheAwareFilter@19598b38, org.springframework.security.web.servletapi.SecurityContextHolderAwareRequestFilter@3612a60d, org.springframework.security.web.authentication.AnonymousAuthenticationFilter@17596317, org.springframework.security.web.access.ExceptionTranslationFilter@61a369cf, org.springframework.security.web.access.intercept.AuthorizationFilter@7789719e]
 01:06:39.262 [main] WARN  o.s.b.a.s.s.UserDetailsServiceAutoConfiguration - 

Using generated security password: deb32167-8c41-48f7-8b85-81f58ecf8536

This generated password is for development use only. Your security configuration must be updated before running your application in production.

 01:06:39.356 [main] INFO  o.a.coyote.http11.Http11NioProtocol - Starting ProtocolHandler ["http-nio-8080"]
 01:06:39.380 [main] INFO  o.s.b.w.e.tomcat.TomcatWebServer - Tomcat started on port 8080 (http) with context path ''
 01:06:39.395 [main] INFO  com.example.Application - Started Application in 7.972 seconds (process running for 8.991)
 01:06:39.787 [RMI TCP Connection(5)-192.168.56.1] INFO  o.a.c.c.C.[Tomcat].[localhost].[/] - Initializing Spring DispatcherServlet 'dispatcherServlet'
 01:06:39.788 [RMI TCP Connection(5)-192.168.56.1] INFO  o.s.web.servlet.DispatcherServlet - Initializing Servlet 'dispatcherServlet'
 01:06:39.790 [RMI TCP Connection(5)-192.168.56.1] INFO  o.s.web.servlet.DispatcherServlet - Completed initialization in 2 ms
 01:07:03.136 [SpringApplicationShutdownHook] INFO  com.zaxxer.hikari.HikariDataSource - HikariPool-1 - Shutdown initiated...
 01:07:03.164 [SpringApplicationShutdownHook] INFO  com.zaxxer.hikari.HikariDataSource - HikariPool-1 - Shutdown completed.
 01:07:08.081 [main] INFO  com.example.Application - Starting Application using Java 21 with PID 24240 (C:\Users\Alena\IdeaProjects\task24\build\classes\java\main started by Alena in C:\Users\Alena\IdeaProjects\task24)
 01:07:08.084 [main] INFO  com.example.Application - No active profile set, falling back to 1 default profile: "default"
 01:07:08.884 [main] INFO  o.s.d.r.c.RepositoryConfigurationDelegate - Bootstrapping Spring Data JPA repositories in DEFAULT mode.
 01:07:08.956 [main] INFO  o.s.d.r.c.RepositoryConfigurationDelegate - Finished Spring Data repository scanning in 62 ms. Found 3 JPA repository interfaces.
 01:07:10.348 [main] INFO  o.s.b.w.e.tomcat.TomcatWebServer - Tomcat initialized with port 8080 (http)
 01:07:10.359 [main] INFO  o.a.coyote.http11.Http11NioProtocol - Initializing ProtocolHandler ["http-nio-8080"]
 01:07:10.361 [main] INFO  o.a.catalina.core.StandardService - Starting service [Tomcat]
 01:07:10.362 [main] INFO  o.a.catalina.core.StandardEngine - Starting Servlet engine: [Apache Tomcat/10.1.19]
 01:07:10.426 [main] INFO  o.a.c.c.C.[Tomcat].[localhost].[/] - Initializing Spring embedded WebApplicationContext
 01:07:10.426 [main] INFO  o.s.b.w.s.c.ServletWebServerApplicationContext - Root WebApplicationContext: initialization completed in 2271 ms
 01:07:10.762 [main] INFO  com.zaxxer.hikari.HikariDataSource - HikariPool-1 - Starting...
 01:07:10.994 [main] INFO  com.zaxxer.hikari.pool.HikariPool - HikariPool-1 - Added connection org.postgresql.jdbc.PgConnection@3b0ed98a
 01:07:10.997 [main] INFO  com.zaxxer.hikari.HikariDataSource - HikariPool-1 - Start completed.
 01:07:11.136 [main] INFO  org.hibernate.Version - HHH000412: Hibernate ORM core version 6.4.4.Final
 01:07:11.213 [main] INFO  o.h.c.i.RegionFactoryInitiator - HHH000026: Second-level cache disabled
 01:07:11.514 [main] WARN  org.hibernate.orm.deprecation - HHH90000025: PostgreSQLDialect does not need to be specified explicitly using 'hibernate.dialect' (remove the property setting and it will be selected by default)
 01:07:12.878 [main] INFO  o.h.e.t.j.p.i.JtaPlatformInitiator - HHH000489: No JTA platform available (set 'hibernate.transaction.jta.platform' to enable JTA platform integration)
 01:07:13.953 [main] INFO  o.s.b.a.w.s.WelcomePageHandlerMapping - Adding welcome page template: index
 01:07:14.475 [main] INFO  o.s.b.a.e.web.EndpointLinksResolver - Exposing 1 endpoint(s) beneath base path '/actuator'
 01:07:14.599 [main] INFO  o.s.s.web.DefaultSecurityFilterChain - Will secure any request with [org.springframework.security.web.session.DisableEncodeUrlFilter@65bc50c9, org.springframework.security.web.context.request.async.WebAsyncManagerIntegrationFilter@7b381066, org.springframework.security.web.context.SecurityContextHolderFilter@3e11996e, org.springframework.security.web.header.HeaderWriterFilter@1b914e36, org.springframework.web.filter.CorsFilter@12ff3df, org.springframework.security.web.csrf.CsrfFilter@63f08f9f, org.springframework.security.web.authentication.logout.LogoutFilter@7a7d25ca, org.springframework.security.web.authentication.UsernamePasswordAuthenticationFilter@280cb0b4, org.springframework.security.web.savedrequest.RequestCacheAwareFilter@5623fd90, org.springframework.security.web.servletapi.SecurityContextHolderAwareRequestFilter@5f455d91, org.springframework.security.web.authentication.AnonymousAuthenticationFilter@12b962b1, org.springframework.security.web.access.ExceptionTranslationFilter@33e19be9, org.springframework.security.web.access.intercept.AuthorizationFilter@2a3251ad]
 01:07:15.227 [main] WARN  o.s.b.a.s.s.UserDetailsServiceAutoConfiguration - 

Using generated security password: 4f337192-b118-44ef-b1b3-890b5691bd5a

This generated password is for development use only. Your security configuration must be updated before running your application in production.

 01:07:15.334 [main] INFO  o.a.coyote.http11.Http11NioProtocol - Starting ProtocolHandler ["http-nio-8080"]
 01:07:15.357 [main] INFO  o.s.b.w.e.tomcat.TomcatWebServer - Tomcat started on port 8080 (http) with context path ''
 01:07:15.372 [main] INFO  com.example.Application - Started Application in 7.769 seconds (process running for 8.654)
 01:07:15.659 [RMI TCP Connection(3)-192.168.56.1] INFO  o.a.c.c.C.[Tomcat].[localhost].[/] - Initializing Spring DispatcherServlet 'dispatcherServlet'
 01:07:15.660 [RMI TCP Connection(3)-192.168.56.1] INFO  o.s.web.servlet.DispatcherServlet - Initializing Servlet 'dispatcherServlet'
 01:07:15.664 [RMI TCP Connection(3)-192.168.56.1] INFO  o.s.web.servlet.DispatcherServlet - Completed initialization in 3 ms
 01:07:29.881 [Test worker] INFO  com.example.GroupServiceImpl - Deleting group with id: 1
 01:07:30.120 [Test worker] INFO  com.example.GroupServiceImpl - Creating group: Test Group
 01:07:30.122 [Test worker] INFO  com.example.GroupServiceImpl - Group created successfully: Test Group
 01:07:30.175 [Test worker] INFO  com.example.GroupServiceImpl - Filtering groups by name: Test Group
 01:07:30.205 [Test worker] INFO  com.example.GroupServiceImpl - Retrieving all groups
 01:14:32.580 [Test worker] INFO  com.example.DataExportService - Starting data export process.
 01:14:32.587 [Test worker] INFO  com.example.DataExportService - Data exported for group: TestGroup
 01:14:32.591 [Test worker] INFO  com.example.DataExportService - Data export process completed.
 01:14:32.716 [Test worker] INFO  com.example.EmailService - Email sent successfully to: recipient@example.com
 01:14:32.798 [Test worker] INFO  com.example.GroupServiceImpl - Deleting group with id: 1
 01:14:32.822 [Test worker] INFO  com.example.GroupServiceImpl - Creating group: Test Group
 01:14:32.823 [Test worker] INFO  com.example.GroupServiceImpl - Group created successfully: Test Group
 01:14:32.845 [Test worker] INFO  com.example.GroupServiceImpl - Filtering groups by name: Test Group
 01:14:32.876 [Test worker] INFO  com.example.GroupServiceImpl - Retrieving all groups
 01:14:32.891 [Test worker] INFO  com.example.GroupServiceImpl - Deleting group with id: 1
 01:14:32.903 [Test worker] INFO  com.example.GroupServiceImpl - Retrieving all groups
 01:14:32.911 [Test worker] INFO  com.example.GroupServiceImpl - Filtering groups by name: TestGroup
 01:14:33.068 [Test worker] INFO  com.example.StudentServiceImpl - Adding student with firstName: John, lastName: Doe, groupId: 1
 01:14:33.068 [Test worker] INFO  com.example.StudentServiceImpl - Student John successfully created!
 01:14:33.234 [Test worker] INFO  com.example.StudentServiceImpl - Retrieving all students
 09:09:28.067 [HikariPool-1 housekeeper] WARN  com.zaxxer.hikari.pool.HikariPool - HikariPool-1 - Thread starvation or clock leap detected (housekeeper delta=6h53m23s196ms998µs200ns).
 09:57:14.466 [HikariPool-1 housekeeper] WARN  com.zaxxer.hikari.pool.HikariPool - HikariPool-1 - Thread starvation or clock leap detected (housekeeper delta=45s797ms580µs600ns).
 11:39:01.100 [HikariPool-1 housekeeper] WARN  com.zaxxer.hikari.pool.HikariPool - HikariPool-1 - Thread starvation or clock leap detected (housekeeper delta=1h15m53s120ms1µs800ns).
 11:59:02.332 [SpringApplicationShutdownHook] INFO  com.zaxxer.hikari.HikariDataSource - HikariPool-1 - Shutdown initiated...
 11:59:02.332 [SpringApplicationShutdownHook] INFO  com.zaxxer.hikari.HikariDataSource - HikariPool-1 - Shutdown completed.
 